<?xml version="1.0" encoding="UTF-8"?>
<coverage generated="1584398627436" clover="3.2.0">
  <project timestamp="1584398627436" name="All files">
    <metrics statements="13" coveredstatements="13" conditionals="6" coveredconditionals="4" methods="4" coveredmethods="3" elements="23" coveredelements="20" complexity="0" loc="13" ncloc="13" packages="2" files="4" classes="4"/>
    <package name="Components.CustomButton">
      <metrics statements="10" coveredstatements="10" conditionals="2" coveredconditionals="1" methods="2" coveredmethods="1"/>
      <file name="index.js" path="/Users/parth/auth/avalon_test/src/Components/CustomButton/index.js">
        <metrics statements="6" coveredstatements="6" conditionals="2" coveredconditionals="1" methods="2" coveredmethods="1"/>
        <line num="1" count="1" type="stmt"/>
        <line num="2" count="1" type="stmt"/>
        <line num="3" count="1" type="stmt"/>
        <line num="5" count="1" type="cond" truecount="1" falsecount="1"/>
        <line num="6" count="1" type="stmt"/>
        <line num="13" count="1" type="stmt"/>
      </file>
      <file name="styles.js" path="/Users/parth/auth/avalon_test/src/Components/CustomButton/styles.js">
        <metrics statements="4" coveredstatements="4" conditionals="0" coveredconditionals="0" methods="0" coveredmethods="0"/>
        <line num="1" count="1" type="stmt"/>
        <line num="2" count="1" type="stmt"/>
        <line num="4" count="1" type="stmt"/>
        <line num="19" count="1" type="stmt"/>
      </file>
    </package>
    <package name="Theme">
      <metrics statements="3" coveredstatements="3" conditionals="4" coveredconditionals="3" methods="2" coveredmethods="2"/>
      <file name="Colors.js" path="/Users/parth/auth/avalon_test/src/Theme/Colors.js">
        <metrics statements="2" coveredstatements="2" conditionals="0" coveredconditionals="0" methods="0" coveredmethods="0"/>
        <line num="1" count="1" type="stmt"/>
        <line num="4" count="1" type="stmt"/>
      </file>
      <file name="index.js" path="/Users/parth/auth/avalon_test/src/Theme/index.js">
        <metrics statements="1" coveredstatements="1" conditionals="4" coveredconditionals="3" methods="2" coveredmethods="2"/>
        <line num="1" count="2" type="cond" truecount="3" falsecount="1"/>
      </file>
    </package>
  </project>
</coverage>
