{"/Users/parth/auth/avalon_test/src/Components/CustomButton/index.js": {"path":"/Users/parth/auth/avalon_test/src/Components/CustomButton/index.js","statementMap":{"0":{"start":{"line":1,"column":42},"end":{"line":1,"column":97}},"1":{"start":{"line":1,"column":98},"end":{"line":1,"column":160}},"2":{"start":{"line":1,"column":160},"end":{"line":1,"column":185}},"3":{"start":{"line":1,"column":198},"end":{"line":1,"column":238}},"4":{"start":{"line":2,"column":19},"end":{"line":2,"column":42}},"5":{"start":{"line":3,"column":14},"end":{"line":3,"column":57}},"6":{"start":{"line":3,"column":77},"end":{"line":3,"column":145}},"7":{"start":{"line":5,"column":19},"end":{"line":11,"column":1}},"8":{"start":{"line":5,"column":79},"end":{"line":5,"column":89}},"9":{"start":{"line":5,"column":105},"end":{"line":5,"column":117}},"10":{"start":{"line":5,"column":128},"end":{"line":5,"column":183}},"11":{"start":{"line":6,"column":2},"end":{"line":8,"column":162}},"12":{"start":{"line":13,"column":0},"end":{"line":13,"column":12}},"13":{"start":{"line":13,"column":13},"end":{"line":13,"column":40}}},"fnMap":{"0":{"name":"CustomButton","decl":{"start":{"line":5,"column":28},"end":{"line":5,"column":40}},"loc":{"start":{"line":5,"column":66},"end":{"line":11,"column":1}},"line":5},"1":{"name":"(anonymous_1)","decl":{"start":{"line":5,"column":154},"end":{"line":5,"column":155}},"loc":{"start":{"line":5,"column":166},"end":{"line":5,"column":168}},"line":5}},"branchMap":{"0":{"loc":{"start":{"line":5,"column":128},"end":{"line":5,"column":183}},"type":"cond-expr","locations":[{"start":{"line":5,"column":154},"end":{"line":5,"column":168}},{"start":{"line":5,"column":171},"end":{"line":5,"column":183}}],"line":5}},"s":{"0":1,"1":1,"2":1,"3":1,"4":1,"5":1,"6":1,"7":1,"8":2,"9":2,"10":2,"11":2,"12":1,"13":1},"f":{"0":2,"1":0},"b":{"0":[1,1]},"_coverageSchema":"1a1c01bbd47fc00a2c39e90264f33305004495a9","hash":"57d88b0f60065787a155239e50a465cdfa33a309"}
,"/Users/parth/auth/avalon_test/src/Components/CustomButton/styles.js": {"path":"/Users/parth/auth/avalon_test/src/Components/CustomButton/styles.js","statementMap":{"0":{"start":{"line":1,"column":13},"end":{"line":1,"column":75}},"1":{"start":{"line":1,"column":75},"end":{"line":1,"column":100}},"2":{"start":{"line":1,"column":119},"end":{"line":1,"column":142}},"3":{"start":{"line":2,"column":13},"end":{"line":2,"column":35}},"4":{"start":{"line":4,"column":13},"end":{"line":15,"column":21}},"5":{"start":{"line":19,"column":0},"end":{"line":19,"column":6}},"6":{"start":{"line":19,"column":7},"end":{"line":19,"column":34}}},"fnMap":{},"branchMap":{},"s":{"0":1,"1":1,"2":1,"3":1,"4":1,"5":1,"6":1},"f":{},"b":{},"_coverageSchema":"1a1c01bbd47fc00a2c39e90264f33305004495a9","hash":"70b1c474dc05a38c6f0516d309cd85b763e1c298"}
,"/Users/parth/auth/avalon_test/src/Theme/Colors.js": {"path":"/Users/parth/auth/avalon_test/src/Theme/Colors.js","statementMap":{"0":{"start":{"line":1,"column":13},"end":{"line":1,"column":75}},"1":{"start":{"line":1,"column":75},"end":{"line":1,"column":99}},"2":{"start":{"line":1,"column":112},"end":{"line":4,"column":20}},"3":{"start":{"line":4,"column":21},"end":{"line":4,"column":45}}},"fnMap":{},"branchMap":{},"s":{"0":1,"1":1,"2":1,"3":1},"f":{},"b":{},"_coverageSchema":"1a1c01bbd47fc00a2c39e90264f33305004495a9","hash":"8732a814e2a3d1f7b190f3dc9228235ba74b3720"}
,"/Users/parth/auth/avalon_test/src/Theme/index.js": {"path":"/Users/parth/auth/avalon_test/src/Theme/index.js","statementMap":{"0":{"start":{"line":1,"column":13},"end":{"line":1,"column":75}},"1":{"start":{"line":1,"column":89},"end":{"line":1,"column":108}},"2":{"start":{"line":1,"column":109},"end":{"line":1,"column":313}},"3":{"start":{"line":1,"column":154},"end":{"line":1,"column":208}},"4":{"start":{"line":1,"column":201},"end":{"line":1,"column":208}},"5":{"start":{"line":1,"column":208},"end":{"line":1,"column":310}},"6":{"start":{"line":1,"column":285},"end":{"line":1,"column":305}}},"fnMap":{"0":{"name":"(anonymous_0)","decl":{"start":{"line":1,"column":138},"end":{"line":1,"column":139}},"loc":{"start":{"line":1,"column":153},"end":{"line":1,"column":311}},"line":1},"1":{"name":"get","decl":{"start":{"line":1,"column":278},"end":{"line":1,"column":281}},"loc":{"start":{"line":1,"column":284},"end":{"line":1,"column":306}},"line":1}},"branchMap":{"0":{"loc":{"start":{"line":1,"column":154},"end":{"line":1,"column":208}},"type":"if","locations":[{"start":{"line":1,"column":154},"end":{"line":1,"column":208}},{"start":{"line":1,"column":154},"end":{"line":1,"column":208}}],"line":1},"1":{"loc":{"start":{"line":1,"column":158},"end":{"line":1,"column":199}},"type":"binary-expr","locations":[{"start":{"line":1,"column":158},"end":{"line":1,"column":175}},{"start":{"line":1,"column":179},"end":{"line":1,"column":199}}],"line":1}},"s":{"0":1,"1":1,"2":1,"3":1,"4":0,"5":1,"6":2},"f":{"0":1,"1":2},"b":{"0":[0,1],"1":[1,1]},"_coverageSchema":"1a1c01bbd47fc00a2c39e90264f33305004495a9","hash":"aaa87813ff86ad542b4041b41f5c4cf1c11cf185"}
}
