TN:
SF:src/Components/CustomButton/index.js
FN:5,CustomButton
FN:5,(anonymous_1)
FNF:2
FNH:1
FNDA:2,CustomButton
FNDA:0,(anonymous_1)
DA:1,1
DA:2,1
DA:3,1
DA:5,2
DA:6,2
DA:13,1
LF:6
LH:6
BRDA:5,0,0,1
BRDA:5,0,1,1
BRF:2
BRH:2
end_of_record
TN:
SF:src/Components/CustomButton/styles.js
FNF:0
FNH:0
DA:1,1
DA:2,1
DA:4,1
DA:19,1
LF:4
LH:4
BRF:0
BRH:0
end_of_record
TN:
SF:src/Components/CustomInput/index.js
FN:7,(anonymous_0)
FNF:1
FNH:1
FNDA:1,(anonymous_0)
DA:1,1
DA:2,1
DA:3,1
DA:4,1
DA:6,1
DA:26,1
DA:27,1
DA:54,1
LF:8
LH:8
BRDA:26,0,0,1
BRDA:26,0,1,0
BRDA:26,1,0,1
BRDA:26,1,1,0
BRDA:44,2,0,1
BRDA:44,2,1,1
BRF:6
BRH:4
end_of_record
TN:
SF:src/Components/CustomInput/styles.js
FNF:0
FNH:0
DA:1,1
DA:2,1
DA:4,1
DA:31,1
LF:4
LH:4
BRF:0
BRH:0
end_of_record
TN:
SF:src/Theme/Colors.js
FNF:0
FNH:0
DA:1,2
DA:4,2
LF:2
LH:2
BRF:0
BRH:0
end_of_record
TN:
SF:src/Theme/index.js
FN:1,(anonymous_0)
FN:1,get
FNF:2
FNH:2
FNDA:2,(anonymous_0)
FNDA:3,get
DA:1,3
LF:1
LH:1
BRDA:1,0,0,0
BRDA:1,0,1,2
BRDA:1,1,0,2
BRDA:1,1,1,2
BRF:4
BRH:3
end_of_record
