TN:
SF:src/Components/CustomButton/index.js
FN:5,CustomButton
FN:5,(anonymous_1)
FNF:2
FNH:1
FNDA:1,CustomButton
FNDA:0,(anonymous_1)
DA:1,1
DA:2,1
DA:3,1
DA:5,1
DA:6,1
DA:13,1
LF:6
LH:6
BRDA:5,0,0,0
BRDA:5,0,1,1
BRF:2
BRH:1
end_of_record
TN:
SF:src/Components/CustomButton/styles.js
FNF:0
FNH:0
DA:1,1
DA:2,1
DA:4,1
DA:19,1
LF:4
LH:4
BRF:0
BRH:0
end_of_record
TN:
SF:src/Theme/Colors.js
FNF:0
FNH:0
DA:1,1
DA:4,1
LF:2
LH:2
BRF:0
BRH:0
end_of_record
TN:
SF:src/Theme/index.js
FN:1,(anonymous_0)
FN:1,get
FNF:2
FNH:2
FNDA:1,(anonymous_0)
FNDA:2,get
DA:1,2
LF:1
LH:1
BRDA:1,0,0,0
BRDA:1,0,1,1
BRDA:1,1,0,1
BRDA:1,1,1,1
BRF:4
BRH:3
end_of_record
